{"message":"The list of books was retrieved and sent to the controller","level":"info"}
{"message":"The list of authors was retrieved and sent to the controller","level":"info"}
{"message":"The list of editorials was retrieved and sent to the controller","level":"info"}
{"message":"The list of authors could not be retrieved","level":"error"}{"message":"The list of authors could not be retrieved","level":"error"}
{"message":"The list of books was retrieved and sent to the controller","level":"info"}
{"message":"The list of authors could not be retrieved","level":"error"}
{"message":"The list of editorials was retrieved and sent to the controller","level":"info"}
{"message":"The list of authors could not be retrieved","level":"error"}
{"message":"The list of authors could not be retrieved","level":"error"}
{"message":"The list of authors could not be retrieved","level":"error"}
{"message":"The list of books was retrieved and sent to the controller","level":"info"}
{"message":"The list of authors could not be retrieved","level":"error"}
{"message":"The list of editorials was retrieved and sent to the controller","level":"info"}
{"message":"The list of authors could not be retrieved","level":"error"}
{"message":"The list of books was retrieved and sent to the controller","level":"info"}
{"message":"The list of authors was retrieved and sent to the controller","level":"info"}
{"message":"The list of editorials was retrieved and sent to the controller","level":"info"}
{"message":"The list of authors was retrieved and sent to the controller","level":"info"}
{"message":"The list of books was retrieved and sent to the controller","level":"info"}
{"message":"The list of books was retrieved and sent to the controller","level":"info"}
{"message":"The list of books was retrieved and sent to the controller","level":"info"}
{"message":"The list of books was retrieved and sent to the controller","level":"info"}
{"message":"The list of books was retrieved and sent to the controller","level":"info"}
{"message":"The list of books was retrieved and sent to the controller","level":"info"}
{"message":"The list of books was retrieved and sent to the controller","level":"info"}
{"message":"The list of books was retrieved and sent to the controller","level":"info"}
{"message":"The list of books was retrieved and sent to the controller","level":"info"}
{"message":"The list of books was retrieved and sent to the controller","level":"info"}
{"message":"The list of books was retrieved and sent to the controller","level":"info"}
{"message":"The list of books was retrieved and sent to the controller","level":"info"}
{"message":"The list of books was retrieved and sent to the controller","level":"info"}
{"message":"The list of books was retrieved and sent to the controller","level":"info"}
{"message":"The list of authors was retrieved and sent to the controller","level":"info"}
{"message":"The list of editorials was retrieved and sent to the controller","level":"info"}
{"message":"The list of authors could not be retrieved","level":"error"}
{"message":"The list of books was retrieved and sent to the controller","level":"info"}
{"message":"The list of authors could not be retrieved","level":"error"}
{"message":"The list of authors could not be retrieved","level":"error"}
{"message":"The list of authors could not be retrieved","level":"error"}
{"message":"The list of authors was retrieved and sent to the controller","level":"info"}
{"message":"The list of authors was retrieved and sent to the controller","level":"info"}
{"message":"The list of authors was retrieved and sent to the controller","level":"info"}
{"message":"The list of authors was retrieved and sent to the controller","level":"info"}
{"message":"The list of editorials was retrieved and sent to the controller","level":"info"}
{"message":"The list of authors was retrieved and sent to the controller","level":"info"}
{"message":"The list of books was retrieved and sent to the controller","level":"info"}
{"message":"The list of authors was retrieved and sent to the controller","level":"info"}
{"message":"The list of editorials was retrieved and sent to the controller","level":"info"}
{"message":"The list of authors was retrieved and sent to the controller","level":"info"}
{"message":"The list of authors was retrieved and sent to the controller","level":"info"}
{"message":"The list of books was retrieved and sent to the controller","level":"info"}
{"message":"The list of authors was retrieved and sent to the controller","level":"info"}
{"message":"The list of authors was retrieved and sent to the controller","level":"info"}
{"message":"The list of authors was retrieved and sent to the controller","level":"info"}
{"message":"The list of authors was retrieved and sent to the controller","level":"info"}
{"message":"The list of books was retrieved and sent to the controller","level":"info"}
{"message":"The list of authors was retrieved and sent to the controller","level":"info"}
{"message":"The list of books was retrieved and sent to the controller","level":"info"}
{"message":"The list of authors could not be retrieved","level":"error"}
{"message":"The list of authors could not be retrieved","level":"error"}
{"message":"The list of authors could not be retrieved","level":"error"}
{"message":"The list of books was retrieved and sent to the controller","level":"info"}
{"message":"The list of authors could not be retrieved","level":"error"}
{"message":"The list of editorials was retrieved and sent to the controller","level":"info"}
{"message":"The list of authors could not be retrieved","level":"error"}
{"message":"The list of authors could not be retrieved","level":"error"}
{"message":"The list of authors could not be retrieved","level":"error"}
{"message":"The list of books was retrieved and sent to the controller","level":"info"}
{"message":"The list of authors could not be retrieved","level":"error"}
{"message":"The list of authors could not be retrieved","level":"error"}
{"message":"The list of authors could not be retrieved","level":"error"}
{"message":"The list of authors could not be retrieved","level":"error"}
{"message":"The list of editorials was retrieved and sent to the controller","level":"info"}
{"message":"The list of authors could not be retrieved","level":"error"}
{"message":"The list of authors could not be retrieved","level":"error"}
{"message":"The list of authors could not be retrieved","level":"error"}
{"message":"The list of authors could not be retrieved","level":"error"}
{"message":"The list of authors could not be retrieved","level":"error"}
{"message":"The list of authors could not be retrieved","level":"error"}
{"message":"The list of authors could not be retrieved","level":"error"}
{"message":"The list of authors could not be retrieved","level":"error"}
{"message":"The list of books was retrieved and sent to the controller","level":"info"}
{"message":"The list of authors could not be retrieved","level":"error"}
{"message":"The list of authors could not be retrieved","level":"error"}
{"message":"The list of authors could not be retrieved","level":"error"}
{"message":"The list of authors could not be retrieved","level":"error"}
{"message":"The list of authors could not be retrieved","level":"error"}
{"message":"The list of books was retrieved and sent to the controller","level":"info"}
{"message":"The list of authors could not be retrieved","level":"error"}
{"message":"The list of authors could not be retrieved","level":"error"}
{"message":"The list of authors could not be retrieved","level":"error"}
{"message":"The list of authors could not be retrieved","level":"error"}
{"message":"The list of authors could not be retrieved","level":"error"}
{"message":"The list of books was retrieved and sent to the controller","level":"info"}
{"message":"The list of authors could not be retrieved","level":"error"}
{"message":"The list of authors could not be retrieved","level":"error"}
{"message":"The list of authors could not be retrieved","level":"error"}
{"message":"The list of authors could not be retrieved","level":"error"}
{"message":"The list of authors could not be retrieved","level":"error"}
{"message":"The list of books was retrieved and sent to the controller","level":"info"}
{"message":"The list of authors could not be retrieved","level":"error"}
{"message":"The list of books was retrieved and sent to the controller","level":"info"}
{"message":"The list of authors could not be retrieved","level":"error"}
{"message":"The list of books was retrieved and sent to the controller","level":"info"}
{"message":"The list of authors could not be retrieved","level":"error"}
{"message":"The list of authors could not be retrieved","level":"error"}
{"message":"The list of books was retrieved and sent to the controller","level":"info"}
{"message":"The list of authors was retrieved and sent to the controller","level":"info"}
{"message":"The list of editorials was retrieved and sent to the controller","level":"info"}
{"message":"The list of authors was retrieved and sent to the controller","level":"info"}
{"message":"The list of books was retrieved and sent to the controller","level":"info"}
{"message":"The list of books was retrieved and sent to the controller","level":"info"}
{"message":"The list of books was retrieved and sent to the controller","level":"info"}
{"message":"The list of authors could not be retrieved","level":"error"}
{"message":"The list of books was retrieved and sent to the controller","level":"info"}
{"message":"The list of books was retrieved and sent to the controller","level":"info"}
{"message":"The list of books was retrieved and sent to the controller","level":"info"}
{"message":"The list of books was retrieved and sent to the controller","level":"info"}
{"message":"The list of books was retrieved and sent to the controller","level":"info"}
{"message":"The list of books was retrieved and sent to the controller","level":"info"}
{"message":"The list of books was retrieved and sent to the controller","level":"info"}
{"message":"The list of books was retrieved and sent to the controller","level":"info"}
{"message":"The list of books was retrieved and sent to the controller","level":"info"}
{"message":"The list of books was retrieved and sent to the controller","level":"info"}
{"message":"The list of books was retrieved and sent to the controller","level":"info"}
{"message":"The list of books was retrieved and sent to the controller","level":"info"}
{"message":"The list of books was retrieved and sent to the controller","level":"info"}
{"message":"The list of books was retrieved and sent to the controller","level":"info"}
{"message":"The list of books was retrieved and sent to the controller","level":"info"}
{"message":"The list of books was retrieved and sent to the controller","level":"info"}
{"message":"The list of books was retrieved and sent to the controller","level":"info"}
{"message":"The list of books was retrieved and sent to the controller","level":"info"}
{"message":"The list of books was retrieved and sent to the controller","level":"info"}
{"message":"The list of books was retrieved and sent to the controller","level":"info"}
{"message":"The list of authors was retrieved and sent to the controller","level":"info"}
{"message":"The list of editorials was retrieved and sent to the controller","level":"info"}
{"message":"The list of books was retrieved and sent to the controller","level":"info"}
{"message":"The list of authors was retrieved and sent to the controller","level":"info"}
{"message":"Error: the list of books could not be retrieved","level":"info"}
{"message":"The list of authors was retrieved and sent to the controller","level":"info"}
{"message":"The list of editorials was retrieved and sent to the controller","level":"info"}
{"message":"Error: the list of books could not be retrieved","level":"info"}
{"message":"The list of authors was retrieved and sent to the controller","level":"info"}
{"message":"The list of editorials could not be retrieved","level":"error"}
{"message":"The list of editorials was retrieved and sent to the controller","level":"info"}
{"message":"The list of editorials was retrieved and sent to the controller","level":"info"}
{"message":"The list of editorials was retrieved and sent to the controller","level":"info"}
{"message":"The list of authors was retrieved and sent to the controller","level":"info"}
{"message":"The list of editorials was retrieved and sent to the controller","level":"info"}
{"message":"The list of authors was retrieved and sent to the controller","level":"info"}
{"message":"The list of books was retrieved and sent to the controller","level":"info"}
{"message":"The list of authors was retrieved and sent to the controller","level":"info"}
{"message":"The list of editorials was retrieved and sent to the controller","level":"info"}
{"message":"The list of books was retrieved and sent to the controller","level":"info"}
{"message":"The list of authors was retrieved and sent to the controller","level":"info"}
{"message":"The list of books was retrieved and sent to the controller","level":"info"}
{"message":"The list of editorials was retrieved and sent to the controller","level":"info"}
{"message":"The list of authors was retrieved and sent to the controller","level":"info"}
{"message":"The list of books was retrieved and sent to the controller","level":"info"}
{"message":"The list of books was retrieved and sent to the controller","level":"info"}
{"message":"The list of books was retrieved and sent to the controller","level":"info"}
{"message":"The list of authors was retrieved and sent to the controller","level":"info"}
{"message":"The list of editorials was retrieved and sent to the controller","level":"info"}
{"message":"The list of books was retrieved and sent to the controller","level":"info"}
{"message":"The list of authors was retrieved and sent to the controller","level":"info"}
{"message":"The list of books was retrieved and sent to the controller","level":"info"}
{"message":"The list of editorials was retrieved and sent to the controller","level":"info"}
{"message":"The list of authors was retrieved and sent to the controller","level":"info"}
{"message":"The list of authors was retrieved and sent to the controller","level":"info"}
{"message":"The list of editorials was retrieved and sent to the controller","level":"info"}
{"message":"The list of books was retrieved and sent to the controller","level":"info"}
{"message":"The list of books was retrieved and sent to the controller","level":"info"}
{"message":"The list of authors was retrieved and sent to the controller","level":"info"}
{"message":"The list of books was retrieved and sent to the controller","level":"info"}
{"message":"The list of authors was retrieved and sent to the controller","level":"info"}
{"message":"The list of editorials was retrieved and sent to the controller","level":"info"}
{"message":"The list of books was retrieved and sent to the controller","level":"info"}
{"message":"The list of authors was retrieved and sent to the controller","level":"info"}
{"message":"The list of editorials was retrieved and sent to the controller","level":"info"}
{"message":"The list of books was retrieved and sent to the controller","level":"info"}
{"message":"The list of authors was retrieved and sent to the controller","level":"info"}
{"message":"The list of editorials was retrieved and sent to the controller","level":"info"}
{"message":"The list of authors was retrieved and sent to the controller","level":"info"}
{"message":"The list of books was retrieved and sent to the controller","level":"info"}
{"message":"The list of authors was retrieved and sent to the controller","level":"info"}
{"message":"The list of books was retrieved and sent to the controller","level":"info"}
{"message":"The list of authors was retrieved and sent to the controller","level":"info"}
{"message":"The list of editorials was retrieved and sent to the controller","level":"info"}
{"message":"The list of books was retrieved and sent to the controller","level":"info"}
{"message":"The list of authors was retrieved and sent to the controller","level":"info"}
{"message":"The list of editorials was retrieved and sent to the controller","level":"info"}
{"message":"The list of books was retrieved and sent to the controller","level":"info"}
{"message":"The list of authors was retrieved and sent to the controller","level":"info"}
{"message":"The list of editorials was retrieved and sent to the controller","level":"info"}
{"message":"The list of books was retrieved and sent to the controller","level":"info"}
{"message":"The list of books was retrieved and sent to the controller","level":"info"}
{"message":"The list of authors was retrieved and sent to the controller","level":"info"}
{"message":"The list of editorials was retrieved and sent to the controller","level":"info"}
{"message":"The list of books was retrieved and sent to the controller","level":"info"}
{"message":"The list of authors was retrieved and sent to the controller","level":"info"}
{"message":"The list of editorials was retrieved and sent to the controller","level":"info"}
{"message":"Connected to the db !","level":"info"}
{"message":"The list of authors was retrieved and sent to the controller","level":"info"}
{"message":"The list of books was retrieved and sent to the controller","level":"info"}
{"message":"The list of editorials was retrieved and sent to the controller","level":"info"}
{"message":"The list of authors could not be retrieved","level":"error"}
{"message":"The list of editorials was retrieved and sent to the controller","level":"info"}
{"message":"The list of authors could not be retrieved","level":"error"}
{"message":"The list of books was retrieved and sent to the controller","level":"info"}
{"message":"The list of authors was retrieved and sent to the controller","level":"info"}
{"message":"The list of editorials was retrieved and sent to the controller","level":"info"}
{"message":"The list of books was retrieved and sent to the controller","level":"info"}
{"message":"The list of authors was retrieved and sent to the controller","level":"info"}
{"message":"The details of the author whose id is 100 were retrieved and sent to the controller","level":"info"}
{"message":"The list of books was retrieved and sent to the controller","level":"info"}
{"message":"The list of books was retrieved and sent to the controller","level":"info"}
{"message":"The list of authors was retrieved and sent to the controller","level":"info"}
{"message":"The details of the author whose id is 100 were retrieved and sent to the controller","level":"info"}
{"message":"The details of the author whose id is 100 were retrieved and sent to the controller","level":"info"}
{"message":"The details of the author whose id is 100 were retrieved and sent to the controller","level":"info"}
{"message":"The books of the author whose id is 100 were retrieved and sent to the controller","level":"info"}
{"message":"The details of the book whose id is 600 were retrieved and sent to the controller","level":"info"}
{"message":"The details of the book whose id is 600 were retrieved and sent to the controller","level":"info"}
{"message":"The list of books was retrieved and sent to the controller","level":"info"}
{"message":"The authors of the book whose id is 600 were retrieved and sent to the controller","level":"info"}
{"message":"The authors of the book whose id is 600 were retrieved and sent to the controller","level":"info"}
{"message":"The editorial of the book whose id is 600 was retrieved and sent to the controller","level":"info"}
{"message":"The editorial of the book whose id is 600 was retrieved and sent to the controller","level":"info"}
{"message":"The details of the editorial whose id is 200 were retrieved and sent to the controller","level":"info"}
{"message":"The books of the editorial whose id is 200 were retrieved and sent to the controller","level":"info"}
{"message":"The details of the book whose id is 400 were retrieved and sent to the controller","level":"info"}
{"message":"The authors of the book whose id is 400 were retrieved and sent to the controller","level":"info"}
{"message":"The details of the book whose id is 400 were retrieved and sent to the controller","level":"info"}
{"message":"The editorial of the book whose id is 400 was retrieved and sent to the controller","level":"info"}
{"message":"The authors of the book whose id is 400 were retrieved and sent to the controller","level":"info"}
{"message":"The list of books was retrieved and sent to the controller","level":"info"}
{"message":"The editorial of the book whose id is 400 was retrieved and sent to the controller","level":"info"}
{"message":"The details of the book whose id is 300 were retrieved and sent to the controller","level":"info"}
{"message":"The authors of the book whose id is 300 were retrieved and sent to the controller","level":"info"}
{"message":"The editorial of the book whose id is 300 was retrieved and sent to the controller","level":"info"}
{"message":"The details of the book whose id is 200 were retrieved and sent to the controller","level":"info"}
{"message":"The authors of the book whose id is 200 were retrieved and sent to the controller","level":"info"}
{"message":"The editorial of the book whose id is 200 was retrieved and sent to the controller","level":"info"}
{"message":"The details of the author whose id is 100 were retrieved and sent to the controller","level":"info"}
{"message":"The books of the author whose id is 100 were retrieved and sent to the controller","level":"info"}
{"message":"The details of the book whose id is 600 were retrieved and sent to the controller","level":"info"}
{"message":"The authors of the book whose id is 600 were retrieved and sent to the controller","level":"info"}
{"message":"The list of books was retrieved and sent to the controller","level":"info"}
{"message":"The editorial of the book whose id is 600 was retrieved and sent to the controller","level":"info"}
{"message":"The details of the book whose id is 600 were retrieved and sent to the controller","level":"info"}
{"message":"The authors of the book whose id is 600 were retrieved and sent to the controller","level":"info"}
{"message":"The editorial of the book whose id is 600 was retrieved and sent to the controller","level":"info"}
{"message":"The details of the book whose id is 300 were retrieved and sent to the controller","level":"info"}
{"message":"The authors of the book whose id is 300 were retrieved and sent to the controller","level":"info"}
{"message":"The editorial of the book whose id is 300 was retrieved and sent to the controller","level":"info"}
{"message":"The details of the author whose id is 300 were retrieved and sent to the controller","level":"info"}
{"message":"The books of the author whose id is 300 were retrieved and sent to the controller","level":"info"}
{"message":"The list of books was retrieved and sent to the controller","level":"info"}
{"message":"The list of books was retrieved and sent to the controller","level":"info"}
{"message":"The list of editorials was retrieved and sent to the controller","level":"info"}
{"message":"The details of the editorial whose id is 100 were retrieved and sent to the controller","level":"info"}
{"message":"The books of the editorial whose id is 100 were retrieved and sent to the controller","level":"info"}
{"message":"The list of editorials was retrieved and sent to the controller","level":"info"}
{"message":"The details of the editorial whose id is 100 could not be retrieved","level":"error"}
{"message":"The books of the editorial whose id is 100 were retrieved and sent to the controller","level":"info"}
{"message":"The list of authors was retrieved and sent to the controller","level":"info"}
{"message":"The list of editorials was retrieved and sent to the controller","level":"info"}
{"message":"The details of the editorial whose id is 100 were retrieved and sent to the controller","level":"info"}
{"message":"The books of the editorial whose id is 100 were retrieved and sent to the controller","level":"info"}
{"message":"The details of the editorial whose id is 100 were retrieved and sent to the controller","level":"info"}
{"message":"The books of the editorial whose id is 100 were retrieved and sent to the controller","level":"info"}
{"message":"The details of the editorial whose id is 100 were retrieved and sent to the controller","level":"info"}
{"message":"The books of the editorial whose id is 100 were retrieved and sent to the controller","level":"info"}
{"message":"The list of books was retrieved and sent to the controller","level":"info"}
{"message":"The list of books was retrieved and sent to the controller","level":"info"}
{"message":"The list of editorials was retrieved and sent to the controller","level":"info"}
{"message":"The details of the editorial whose id is 100 were retrieved and sent to the controller","level":"info"}
{"message":"The books of the editorial whose id is 100 were retrieved and sent to the controller","level":"info"}
{"message":"The list of books was retrieved and sent to the controller","level":"info"}
{"message":"The list of books was retrieved and sent to the controller","level":"info"}
{"message":"The details of the book whose id is 100 could not be retrieved","level":"error"}
{"message":"The details of the book whose id is 100 could not be retrieved","level":"error"}
{"message":"The list of books was retrieved and sent to the controller","level":"info"}
{"message":"The list of authors was retrieved and sent to the controller","level":"info"}
{"message":"The list of books was retrieved and sent to the controller","level":"info"}
{"message":"The list of books was retrieved and sent to the controller","level":"info"}
{"message":"The details of the book whose id is 100 could not be retrieved","level":"error"}
{"message":"The details of the book whose id is 100 could not be retrieved","level":"error"}
{"message":"The list of books was retrieved and sent to the controller","level":"info"}
{"message":"The list of books was retrieved and sent to the controller","level":"info"}
{"message":"The list of books was retrieved and sent to the controller","level":"info"}
{"message":"The details of the book whose id is 100 were retrieved and sent to the controller","level":"info"}
{"message":"The authors of the book whose id is 100 were retrieved and sent to the controller","level":"info"}
{"message":"The details of the book whose id is 100 were retrieved and sent to the controller","level":"info"}
{"message":"The list of books was retrieved and sent to the controller","level":"info"}
{"message":"The editorial of the book whose id is 100 was retrieved and sent to the controller","level":"info"}
{"message":"The authors of the book whose id is 100 were retrieved and sent to the controller","level":"info"}
{"message":"The editorial of the book whose id is 100 was retrieved and sent to the controller","level":"info"}
{"message":"The details of the book whose id is 100 were retrieved and sent to the controller","level":"info"}
{"message":"The authors of the book whose id is 100 were retrieved and sent to the controller","level":"info"}
{"message":"The details of the book whose id is 100 were retrieved and sent to the controller","level":"info"}
{"message":"The editorial of the book whose id is 100 was retrieved and sent to the controller","level":"info"}
{"message":"The authors of the book whose id is 100 were retrieved and sent to the controller","level":"info"}
{"message":"The list of books was retrieved and sent to the controller","level":"info"}
{"message":"The editorial of the book whose id is 100 was retrieved and sent to the controller","level":"info"}
{"message":"The details of the book whose id is 100 were retrieved and sent to the controller","level":"info"}
{"message":"The authors of the book whose id is 100 were retrieved and sent to the controller","level":"info"}
{"message":"The details of the book whose id is 100 were retrieved and sent to the controller","level":"info"}
{"message":"The editorial of the book whose id is 100 was retrieved and sent to the controller","level":"info"}
{"message":"The list of books was retrieved and sent to the controller","level":"info"}
{"message":"The authors of the book whose id is 100 were retrieved and sent to the controller","level":"info"}
{"message":"The editorial of the book whose id is 100 was retrieved and sent to the controller","level":"info"}
{"message":"The list of authors was retrieved and sent to the controller","level":"info"}
{"message":"The details of the author whose id is 100 were retrieved and sent to the controller","level":"info"}
{"message":"The books of the author whose id is 100 were retrieved and sent to the controller","level":"info"}
{"message":"The list of authors was retrieved and sent to the controller","level":"info"}
{"message":"The details of the author whose id is 100 could not be retrieved","level":"error"}
{"message":"The books of the author whose id is 100 were retrieved and sent to the controller","level":"info"}
{"message":"The list of books was retrieved and sent to the controller","level":"info"}
{"message":"The list of books was retrieved and sent to the controller","level":"info"}
{"message":"The list of authors was retrieved and sent to the controller","level":"info"}
{"message":"The list of books was retrieved and sent to the controller","level":"info"}
{"message":"The list of books was retrieved and sent to the controller","level":"info"}
{"message":"The list of editorials was retrieved and sent to the controller","level":"info"}
{"message":"The list of books was retrieved and sent to the controller","level":"info"}
{"message":"The list of books was retrieved and sent to the controller","level":"info"}
{"message":"The details of the book whose id is 100 were retrieved and sent to the controller","level":"info"}
{"message":"The list of books was retrieved and sent to the controller","level":"info"}
{"message":"The authors of the book whose id is 100 were retrieved and sent to the controller","level":"info"}
{"message":"The details of the book whose id is 100 were retrieved and sent to the controller","level":"info"}
{"message":"The editorial of the book whose id is 100 was retrieved and sent to the controller","level":"info"}
{"message":"The authors of the book whose id is 100 were retrieved and sent to the controller","level":"info"}
{"message":"The editorial of the book whose id is 100 was retrieved and sent to the controller","level":"info"}
{"message":"The list of editorials was retrieved and sent to the controller","level":"info"}
{"message":"The details of the editorial whose id is 100 were retrieved and sent to the controller","level":"info"}
{"message":"The books of the editorial whose id is 100 were retrieved and sent to the controller","level":"info"}
{"message":"The details of the book whose id is 100 were retrieved and sent to the controller","level":"info"}
{"message":"The authors of the book whose id is 100 were retrieved and sent to the controller","level":"info"}
{"message":"The details of the book whose id is 100 were retrieved and sent to the controller","level":"info"}
{"message":"The editorial of the book whose id is 100 was retrieved and sent to the controller","level":"info"}
{"message":"The authors of the book whose id is 100 were retrieved and sent to the controller","level":"info"}
{"message":"The list of books was retrieved and sent to the controller","level":"info"}
{"message":"The editorial of the book whose id is 100 was retrieved and sent to the controller","level":"info"}
{"message":"The list of books was retrieved and sent to the controller","level":"info"}
{"message":"The list of books was retrieved and sent to the controller","level":"info"}
{"message":"The list of authors was retrieved and sent to the controller","level":"info"}
{"message":"The details of the author whose id is 100 could not be retrieved","level":"error"}
{"message":"The books of the author whose id is 100 were retrieved and sent to the controller","level":"info"}
{"message":"The list of editorials was retrieved and sent to the controller","level":"info"}
{"message":"The list of authors was retrieved and sent to the controller","level":"info"}
{"message":"The details of the author whose id is 100 were retrieved and sent to the controller","level":"info"}
{"message":"The books of the author whose id is 100 were retrieved and sent to the controller","level":"info"}
{"message":"The list of books was retrieved and sent to the controller","level":"info"}
{"message":"The list of books was retrieved and sent to the controller","level":"info"}
{"message":"The list of editorials was retrieved and sent to the controller","level":"info"}
{"message":"The list of authors was retrieved and sent to the controller","level":"info"}
{"message":"The list of books was retrieved and sent to the controller","level":"info"}
{"message":"The list of books was retrieved and sent to the controller","level":"info"}
{"message":"The list of authors was retrieved and sent to the controller","level":"info"}
{"message":"The list of editorials was retrieved and sent to the controller","level":"info"}
{"message":"The list of books was retrieved and sent to the controller","level":"info"}
{"message":"The list of books was retrieved and sent to the controller","level":"info"}
{"message":"The details of the book whose id is 100 were retrieved and sent to the controller","level":"info"}
{"message":"The details of the book whose id is 100 were retrieved and sent to the controller","level":"info"}
{"message":"The authors of the book whose id is 100 were retrieved and sent to the controller","level":"info"}
{"message":"The list of books was retrieved and sent to the controller","level":"info"}
{"message":"The authors of the book whose id is 100 were retrieved and sent to the controller","level":"info"}
{"message":"The editorial of the book whose id is 100 was retrieved and sent to the controller","level":"info"}
{"message":"The editorial of the book whose id is 100 was retrieved and sent to the controller","level":"info"}
{"message":"The details of the book whose id is 200 were retrieved and sent to the controller","level":"info"}
{"message":"The authors of the book whose id is 200 were retrieved and sent to the controller","level":"info"}
{"message":"The editorial of the book whose id is 200 was retrieved and sent to the controller","level":"info"}
{"message":"The details of the author whose id is 100 were retrieved and sent to the controller","level":"info"}
{"message":"The books of the author whose id is 100 were retrieved and sent to the controller","level":"info"}
{"message":"The details of the book whose id is 600 were retrieved and sent to the controller","level":"info"}
{"message":"The authors of the book whose id is 600 were retrieved and sent to the controller","level":"info"}
{"message":"The details of the book whose id is 600 were retrieved and sent to the controller","level":"info"}
{"message":"The list of books was retrieved and sent to the controller","level":"info"}
{"message":"The editorial of the book whose id is 600 was retrieved and sent to the controller","level":"info"}
{"message":"The authors of the book whose id is 600 were retrieved and sent to the controller","level":"info"}
{"message":"The editorial of the book whose id is 600 was retrieved and sent to the controller","level":"info"}
{"message":"The list of editorials was retrieved and sent to the controller","level":"info"}
{"message":"The details of the editorial whose id is 100 were retrieved and sent to the controller","level":"info"}
{"message":"The books of the editorial whose id is 100 were retrieved and sent to the controller","level":"info"}
{"message":"The list of books was retrieved and sent to the controller","level":"info"}
{"message":"The list of books was retrieved and sent to the controller","level":"info"}
{"message":"The list of authors was retrieved and sent to the controller","level":"info"}
{"message":"The list of editorials was retrieved and sent to the controller","level":"info"}
{"message":"The list of authors was retrieved and sent to the controller","level":"info"}
{"message":"The list of editorials was retrieved and sent to the controller","level":"info"}
{"message":"The list of books was retrieved and sent to the controller","level":"info"}
{"message":"The list of books was retrieved and sent to the controller","level":"info"}
{"message":"The list of editorials was retrieved and sent to the controller","level":"info"}
{"message":"The list of books was retrieved and sent to the controller","level":"info"}
{"message":"The list of books was retrieved and sent to the controller","level":"info"}
{"message":"The list of books was retrieved and sent to the controller","level":"info"}
{"message":"The list of books was retrieved and sent to the controller","level":"info"}
{"message":"The list of books was retrieved and sent to the controller","level":"info"}
{"message":"The list of books was retrieved and sent to the controller","level":"info"}
{"message":"The list of books was retrieved and sent to the controller","level":"info"}
{"message":"The list of books was retrieved and sent to the controller","level":"info"}
{"message":"The list of books was retrieved and sent to the controller","level":"info"}
{"message":"The list of books was retrieved and sent to the controller","level":"info"}
{"message":"The list of books was retrieved and sent to the controller","level":"info"}
{"message":"The list of books was retrieved and sent to the controller","level":"info"}
{"message":"The list of books was retrieved and sent to the controller","level":"info"}
{"message":"The list of books was retrieved and sent to the controller","level":"info"}
{"message":"The list of authors was retrieved and sent to the controller","level":"info"}
{"message":"The details of the author whose id is 100 were retrieved and sent to the controller","level":"info"}
{"message":"The list of books was retrieved and sent to the controller","level":"info"}
{"message":"The details of the author whose id is 100 were retrieved and sent to the controller","level":"info"}
{"message":"The list of books was retrieved and sent to the controller","level":"info"}
{"message":"The list of authors was retrieved and sent to the controller","level":"info"}
{"message":"The details of the author whose id is 100 were retrieved and sent to the controller","level":"info"}
{"message":"The list of books was retrieved and sent to the controller","level":"info"}
{"message":"The list of authors was retrieved and sent to the controller","level":"info"}
{"message":"The details of the author whose id is 100 were retrieved and sent to the controller","level":"info"}
{"message":"The details of the author whose id is 100 were retrieved and sent to the controller","level":"info"}
{"message":"The books of the author whose id is [object Object] were retrieved and sent to the controller","level":"info"}
{"message":"The list of books was retrieved and sent to the controller","level":"info"}
{"message":"The list of authors was retrieved and sent to the controller","level":"info"}
{"message":"The details of the author whose id is 100 were retrieved and sent to the controller","level":"info"}
{"message":"The books of the author whose id is [object Object] were retrieved and sent to the controller","level":"info"}
{"message":"The list of books was retrieved and sent to the controller","level":"info"}
{"message":"The list of authors was retrieved and sent to the controller","level":"info"}
{"message":"The details of the author whose id is 100 were retrieved and sent to the controller","level":"info"}
{"message":"The books of the author whose id is [object Object] were retrieved and sent to the controller","level":"info"}
{"message":"The details of the author whose id is 100 were retrieved and sent to the controller","level":"info"}
{"message":"The books of the author whose id is [object Object] were retrieved and sent to the controller","level":"info"}
{"message":"The list of authors was retrieved and sent to the controller","level":"info"}
{"message":"The details of the author whose id is 100 were retrieved and sent to the controller","level":"info"}
{"message":"The books of the author whose id is [object Object] were retrieved and sent to the controller","level":"info"}
{"message":"The details of the author whose id is 100 were retrieved and sent to the controller","level":"info"}
{"message":"The details of the author whose id is 100 were retrieved and sent to the controller","level":"info"}
{"message":"The books of the author whose id is 100 were retrieved and sent to the controller","level":"info"}
{"message":"The details of the author whose id is 100 were retrieved and sent to the controller","level":"info"}
{"message":"The books of the author whose id is 100 were retrieved and sent to the controller","level":"info"}
{"message":"The details of the author whose id is 100 were retrieved and sent to the controller","level":"info"}
{"message":"The books of the author whose id is 100 were retrieved and sent to the controller","level":"info"}
{"message":"The details of the author whose id is 100 were retrieved and sent to the controller","level":"info"}
{"message":"The books of the author whose id is 100 were retrieved and sent to the controller","level":"info"}
{"message":"The list of books was retrieved and sent to the controller","level":"info"}
{"message":"The list of authors was retrieved and sent to the controller","level":"info"}
{"message":"The details of the author whose id is 100 were retrieved and sent to the controller","level":"info"}
{"message":"The books of the author whose id is 100 were retrieved and sent to the controller","level":"info"}
{"message":"The details of the author whose id is 100 were retrieved and sent to the controller","level":"info"}
{"message":"The books of the author whose id is 100 were retrieved and sent to the controller","level":"info"}
{"message":"The details of the author whose id is 100 were retrieved and sent to the controller","level":"info"}
{"message":"The books of the author whose id is 100 were retrieved and sent to the controller","level":"info"}
{"message":"The details of the author whose id is 100 were retrieved and sent to the controller","level":"info"}
{"message":"The books of the author whose id is 100 were retrieved and sent to the controller","level":"info"}
{"message":"The details of the book whose id is 200 were retrieved and sent to the controller","level":"info"}
{"message":"The authors of the book whose id is 200 were retrieved and sent to the controller","level":"info"}
{"message":"The editorial of the book whose id is 200 was retrieved and sent to the controller","level":"info"}
{"message":"The details of the book whose id is 200 were retrieved and sent to the controller","level":"info"}
{"message":"The authors of the book whose id is 200 were retrieved and sent to the controller","level":"info"}
{"message":"The editorial of the book whose id is 200 was retrieved and sent to the controller","level":"info"}
{"message":"The details of the book whose id is 200 were retrieved and sent to the controller","level":"info"}
{"message":"The authors of the book whose id is 200 were retrieved and sent to the controller","level":"info"}
{"message":"The details of the book whose id is 200 were retrieved and sent to the controller","level":"info"}
{"message":"The editorial of the book whose id is 200 was retrieved and sent to the controller","level":"info"}
{"message":"The authors of the book whose id is 200 were retrieved and sent to the controller","level":"info"}
{"message":"The editorial of the book whose id is 200 was retrieved and sent to the controller","level":"info"}
{"message":"The details of the book whose id is 200 were retrieved and sent to the controller","level":"info"}
{"message":"The authors of the book whose id is 200 were retrieved and sent to the controller","level":"info"}
{"message":"The list of books was retrieved and sent to the controller","level":"info"}
{"message":"The editorial of the book whose id is 200 was retrieved and sent to the controller","level":"info"}
{"message":"The details of the book whose id is 200 were retrieved and sent to the controller","level":"info"}
{"message":"The list of books was retrieved and sent to the controller","level":"info"}
{"message":"The authors of the book whose id is 200 were retrieved and sent to the controller","level":"info"}
{"message":"The editorial of the book whose id is 200 was retrieved and sent to the controller","level":"info"}
{"message":"The details of the book whose id is 200 were retrieved and sent to the controller","level":"info"}
{"message":"The authors of the book whose id is 200 were retrieved and sent to the controller","level":"info"}
{"message":"The list of books was retrieved and sent to the controller","level":"info"}
{"message":"The editorial of the book whose id is 200 was retrieved and sent to the controller","level":"info"}
{"message":"The list of books was retrieved and sent to the controller","level":"info"}
{"message":"The details of the book whose id is 200 were retrieved and sent to the controller","level":"info"}
{"message":"The authors of the book whose id is 200 were retrieved and sent to the controller","level":"info"}
{"message":"The editorial of the book whose id is 200 was retrieved and sent to the controller","level":"info"}
{"message":"The details of the book whose id is 100 were retrieved and sent to the controller","level":"info"}
{"message":"The authors of the book whose id is 100 were retrieved and sent to the controller","level":"info"}
{"message":"The editorial of the book whose id is 100 was retrieved and sent to the controller","level":"info"}
{"message":"The list of books was retrieved and sent to the controller","level":"info"}
{"message":"The list of books was retrieved and sent to the controller","level":"info"}
{"message":"The details of the book whose id is 300 were retrieved and sent to the controller","level":"info"}
{"message":"The authors of the book whose id is 300 were retrieved and sent to the controller","level":"info"}
{"message":"The editorial of the book whose id is 300 was retrieved and sent to the controller","level":"info"}
{"message":"The list of books was retrieved and sent to the controller","level":"info"}
{"message":"The details of the book whose id is 400 were retrieved and sent to the controller","level":"info"}
{"message":"The authors of the book whose id is 400 were retrieved and sent to the controller","level":"info"}
{"message":"The editorial of the book whose id is 400 was retrieved and sent to the controller","level":"info"}
{"message":"The details of the book whose id is 200 were retrieved and sent to the controller","level":"info"}
{"message":"The authors of the book whose id is 200 were retrieved and sent to the controller","level":"info"}
{"message":"The list of books was retrieved and sent to the controller","level":"info"}
{"message":"The editorial of the book whose id is 200 was retrieved and sent to the controller","level":"info"}
{"message":"The details of the book whose id is 200 were retrieved and sent to the controller","level":"info"}
{"message":"The authors of the book whose id is 200 were retrieved and sent to the controller","level":"info"}
{"message":"The list of books was retrieved and sent to the controller","level":"info"}
{"message":"The editorial of the book whose id is 200 was retrieved and sent to the controller","level":"info"}
{"message":"The details of the book whose id is 200 were retrieved and sent to the controller","level":"info"}
{"message":"The list of books was retrieved and sent to the controller","level":"info"}
{"message":"The authors of the book whose id is 200 were retrieved and sent to the controller","level":"info"}
{"message":"The editorial of the book whose id is 200 was retrieved and sent to the controller","level":"info"}
{"message":"The details of the book whose id is 200 were retrieved and sent to the controller","level":"info"}
{"message":"The list of books was retrieved and sent to the controller","level":"info"}
{"message":"The authors of the book whose id is 200 were retrieved and sent to the controller","level":"info"}
{"message":"The editorial of the book whose id is 200 was retrieved and sent to the controller","level":"info"}
{"message":"The details of the book whose id is 200 were retrieved and sent to the controller","level":"info"}
{"message":"The authors of the book whose id is 200 were retrieved and sent to the controller","level":"info"}
{"message":"The editorial of the book whose id is 200 was retrieved and sent to the controller","level":"info"}
{"message":"The list of books was retrieved and sent to the controller","level":"info"}
{"message":"The details of the book whose id is 200 were retrieved and sent to the controller","level":"info"}
{"message":"The authors of the book whose id is 200 were retrieved and sent to the controller","level":"info"}
{"message":"The list of books was retrieved and sent to the controller","level":"info"}
{"message":"The editorial of the book whose id is 200 was retrieved and sent to the controller","level":"info"}
{"message":"The details of the book whose id is 200 were retrieved and sent to the controller","level":"info"}
{"message":"The list of books was retrieved and sent to the controller","level":"info"}
{"message":"The authors of the book whose id is 200 were retrieved and sent to the controller","level":"info"}
{"message":"The editorial of the book whose id is 200 was retrieved and sent to the controller","level":"info"}
{"message":"The details of the book whose id is 300 were retrieved and sent to the controller","level":"info"}
{"message":"The authors of the book whose id is 300 were retrieved and sent to the controller","level":"info"}
{"message":"The editorial of the book whose id is 300 was retrieved and sent to the controller","level":"info"}
{"message":"The list of books was retrieved and sent to the controller","level":"info"}
{"message":"The details of the book whose id is 100 were retrieved and sent to the controller","level":"info"}
{"message":"The list of books was retrieved and sent to the controller","level":"info"}
{"message":"The authors of the book whose id is 100 were retrieved and sent to the controller","level":"info"}
{"message":"The editorial of the book whose id is 100 was retrieved and sent to the controller","level":"info"}
{"message":"The details of the book whose id is 500 were retrieved and sent to the controller","level":"info"}
{"message":"The list of books was retrieved and sent to the controller","level":"info"}
{"message":"The authors of the book whose id is 500 were retrieved and sent to the controller","level":"info"}
{"message":"The editorial of the book whose id is 500 was retrieved and sent to the controller","level":"info"}
{"message":"The details of the book whose id is 600 were retrieved and sent to the controller","level":"info"}
{"message":"The list of books was retrieved and sent to the controller","level":"info"}
{"message":"The authors of the book whose id is 600 were retrieved and sent to the controller","level":"info"}
{"message":"The editorial of the book whose id is 600 was retrieved and sent to the controller","level":"info"}
{"message":"The details of the book whose id is 600 were retrieved and sent to the controller","level":"info"}
{"message":"The authors of the book whose id is 600 were retrieved and sent to the controller","level":"info"}
{"message":"The editorial of the book whose id is 600 was retrieved and sent to the controller","level":"info"}
{"message":"The list of books was retrieved and sent to the controller","level":"info"}
{"message":"The details of the book whose id is 600 were retrieved and sent to the controller","level":"info"}
{"message":"The list of books was retrieved and sent to the controller","level":"info"}
{"message":"The authors of the book whose id is 600 were retrieved and sent to the controller","level":"info"}
{"message":"The editorial of the book whose id is 600 was retrieved and sent to the controller","level":"info"}
{"message":"The details of the book whose id is 500 were retrieved and sent to the controller","level":"info"}
{"message":"The authors of the book whose id is 500 were retrieved and sent to the controller","level":"info"}
{"message":"The list of books was retrieved and sent to the controller","level":"info"}
{"message":"The editorial of the book whose id is 500 was retrieved and sent to the controller","level":"info"}
{"message":"The details of the book whose id is 300 were retrieved and sent to the controller","level":"info"}
{"message":"The list of books was retrieved and sent to the controller","level":"info"}
{"message":"The authors of the book whose id is 300 were retrieved and sent to the controller","level":"info"}
{"message":"The editorial of the book whose id is 300 was retrieved and sent to the controller","level":"info"}
{"message":"The list of books was retrieved and sent to the controller","level":"info"}
{"message":"The details of the book whose id is 100 were retrieved and sent to the controller","level":"info"}
{"message":"The authors of the book whose id is 100 were retrieved and sent to the controller","level":"info"}
{"message":"The editorial of the book whose id is 100 was retrieved and sent to the controller","level":"info"}
{"message":"The details of the book whose id is 600 were retrieved and sent to the controller","level":"info"}
{"message":"The authors of the book whose id is 600 were retrieved and sent to the controller","level":"info"}
{"message":"The list of books was retrieved and sent to the controller","level":"info"}
{"message":"The editorial of the book whose id is 600 was retrieved and sent to the controller","level":"info"}
{"message":"The details of the book whose id is 600 were retrieved and sent to the controller","level":"info"}
{"message":"The authors of the book whose id is 600 were retrieved and sent to the controller","level":"info"}
{"message":"The editorial of the book whose id is 600 was retrieved and sent to the controller","level":"info"}
{"message":"The list of books was retrieved and sent to the controller","level":"info"}
{"message":"The details of the book whose id is 600 were retrieved and sent to the controller","level":"info"}
{"message":"The list of books was retrieved and sent to the controller","level":"info"}
{"message":"The authors of the book whose id is 600 were retrieved and sent to the controller","level":"info"}
{"message":"The editorial of the book whose id is 600 was retrieved and sent to the controller","level":"info"}
{"message":"The details of the book whose id is 600 were retrieved and sent to the controller","level":"info"}
{"message":"The authors of the book whose id is 600 were retrieved and sent to the controller","level":"info"}
{"message":"The editorial of the book whose id is 600 was retrieved and sent to the controller","level":"info"}
{"message":"The list of books was retrieved and sent to the controller","level":"info"}
{"message":"The details of the book whose id is 600 were retrieved and sent to the controller","level":"info"}
{"message":"The list of books was retrieved and sent to the controller","level":"info"}
{"message":"The authors of the book whose id is 600 were retrieved and sent to the controller","level":"info"}
{"message":"The editorial of the book whose id is 600 was retrieved and sent to the controller","level":"info"}
{"message":"The details of the book whose id is 600 were retrieved and sent to the controller","level":"info"}
{"message":"The authors of the book whose id is 600 were retrieved and sent to the controller","level":"info"}
{"message":"The editorial of the book whose id is 600 was retrieved and sent to the controller","level":"info"}
{"message":"The list of books was retrieved and sent to the controller","level":"info"}
{"message":"The details of the book whose id is 600 were retrieved and sent to the controller","level":"info"}
{"message":"The authors of the book whose id is 600 were retrieved and sent to the controller","level":"info"}
{"message":"The editorial of the book whose id is 600 was retrieved and sent to the controller","level":"info"}
{"message":"The list of books was retrieved and sent to the controller","level":"info"}
{"message":"The list of editorials was retrieved and sent to the controller","level":"info"}
{"message":"The details of the editorial whose id is 100 were retrieved and sent to the controller","level":"info"}
{"message":"The books of the editorial whose id is [object Object] were retrieved and sent to the controller","level":"info"}
{"message":"The list of editorials was retrieved and sent to the controller","level":"info"}
{"message":"The details of the editorial whose id is 200 were retrieved and sent to the controller","level":"info"}
{"message":"The books of the editorial whose id is [object Object] were retrieved and sent to the controller","level":"info"}
{"message":"The details of the editorial whose id is 200 were retrieved and sent to the controller","level":"info"}
{"message":"The books of the editorial whose id is 200 were retrieved and sent to the controller","level":"info"}
{"message":"The list of editorials was retrieved and sent to the controller","level":"info"}
{"message":"The details of the editorial whose id is 200 were retrieved and sent to the controller","level":"info"}
{"message":"The books of the editorial whose id is 200 were retrieved and sent to the controller","level":"info"}
{"message":"The list of editorials was retrieved and sent to the controller","level":"info"}
{"message":"The details of the editorial whose id is 100 were retrieved and sent to the controller","level":"info"}
{"message":"The books of the editorial whose id is 100 were retrieved and sent to the controller","level":"info"}
{"message":"The list of editorials was retrieved and sent to the controller","level":"info"}
{"message":"The list of authors was retrieved and sent to the controller","level":"info"}
{"message":"The details of the author whose id is 200 were retrieved and sent to the controller","level":"info"}
{"message":"The books of the author whose id is 200 were retrieved and sent to the controller","level":"info"}
{"message":"The list of authors was retrieved and sent to the controller","level":"info"}
{"message":"The details of the author whose id is 300 were retrieved and sent to the controller","level":"info"}
{"message":"The books of the author whose id is 300 were retrieved and sent to the controller","level":"info"}
{"message":"The list of books was retrieved and sent to the controller","level":"info"}
{"message":"The list of books was retrieved and sent to the controller","level":"info"}
{"message":"The list of books was retrieved and sent to the controller","level":"info"}
{"message":"The list of books was retrieved and sent to the controller","level":"info"}
{"message":"The list of books was retrieved and sent to the controller","level":"info"}
{"message":"The list of authors was retrieved and sent to the controller","level":"info"}
{"message":"The details of the author whose id is 100 were retrieved and sent to the controller","level":"info"}
{"message":"The books of the author whose id is 100 were retrieved and sent to the controller","level":"info"}
{"message":"The list of books was retrieved and sent to the controller","level":"info"}
{"message":"The details of the book whose id is 100 were retrieved and sent to the controller","level":"info"}
{"message":"The authors of the book whose id is 100 were retrieved and sent to the controller","level":"info"}
{"message":"The editorial of the book whose id is 100 was retrieved and sent to the controller","level":"info"}
{"message":"The list of books was retrieved and sent to the controller","level":"info"}
{"message":"The details of the book whose id is 100 were retrieved and sent to the controller","level":"info"}
{"message":"The list of books was retrieved and sent to the controller","level":"info"}
{"message":"The authors of the book whose id is 100 were retrieved and sent to the controller","level":"info"}
{"message":"The editorial of the book whose id is 100 was retrieved and sent to the controller","level":"info"}
{"message":"The details of the book whose id is 500 were retrieved and sent to the controller","level":"info"}
{"message":"The list of books was retrieved and sent to the controller","level":"info"}
{"message":"The authors of the book whose id is 500 were retrieved and sent to the controller","level":"info"}
{"message":"The editorial of the book whose id is 500 was retrieved and sent to the controller","level":"info"}
{"message":"The list of books was retrieved and sent to the controller","level":"info"}
{"message":"The list of books was retrieved and sent to the controller","level":"info"}
{"message":"The list of books was retrieved and sent to the controller","level":"info"}
{"message":"The list of books was retrieved and sent to the controller","level":"info"}
{"message":"The list of books was retrieved and sent to the controller","level":"info"}
{"message":"The details of the book whose id is 200 were retrieved and sent to the controller","level":"info"}
{"message":"The authors of the book whose id is 200 were retrieved and sent to the controller","level":"info"}
{"message":"The editorial of the book whose id is 200 was retrieved and sent to the controller","level":"info"}
{"message":"The list of books was retrieved and sent to the controller","level":"info"}
{"message":"The details of the book whose id is 200 were retrieved and sent to the controller","level":"info"}
{"message":"The list of books was retrieved and sent to the controller","level":"info"}
{"message":"The authors of the book whose id is 200 were retrieved and sent to the controller","level":"info"}
{"message":"The editorial of the book whose id is 200 was retrieved and sent to the controller","level":"info"}
{"message":"The details of the book whose id is 400 were retrieved and sent to the controller","level":"info"}
{"message":"The list of books was retrieved and sent to the controller","level":"info"}
{"message":"The authors of the book whose id is 400 were retrieved and sent to the controller","level":"info"}
{"message":"The editorial of the book whose id is 400 was retrieved and sent to the controller","level":"info"}
{"message":"The details of the editorial whose id is 200 were retrieved and sent to the controller","level":"info"}
{"message":"The books of the editorial whose id is 200 were retrieved and sent to the controller","level":"info"}
{"message":"The list of editorials was retrieved and sent to the controller","level":"info"}
{"message":"The details of the editorial whose id is 100 were retrieved and sent to the controller","level":"info"}
{"message":"The books of the editorial whose id is 100 were retrieved and sent to the controller","level":"info"}
{"message":"The list of authors was retrieved and sent to the controller","level":"info"}
{"message":"The list of editorials was retrieved and sent to the controller","level":"info"}
{"message":"The list of books was retrieved and sent to the controller","level":"info"}
{"message":"The list of authors was retrieved and sent to the controller","level":"info"}
{"message":"The details of the author whose id is 200 were retrieved and sent to the controller","level":"info"}
{"message":"The books of the author whose id is 200 were retrieved and sent to the controller","level":"info"}
{"message":"The list of books was retrieved and sent to the controller","level":"info"}
{"message":"The list of authors was retrieved and sent to the controller","level":"info"}
{"message":"The details of the author whose id is 100 were retrieved and sent to the controller","level":"info"}
{"message":"The books of the author whose id is 100 were retrieved and sent to the controller","level":"info"}
{"message":"The list of editorials was retrieved and sent to the controller","level":"info"}
{"message":"The details of the editorial whose id is 100 were retrieved and sent to the controller","level":"info"}
{"message":"The books of the editorial whose id is 100 were retrieved and sent to the controller","level":"info"}
{"message":"The list of books was retrieved and sent to the controller","level":"info"}
{"message":"The list of books was retrieved and sent to the controller","level":"info"}
{"message":"The details of the book whose id is 500 were retrieved and sent to the controller","level":"info"}
{"message":"The authors of the book whose id is 500 were retrieved and sent to the controller","level":"info"}
{"message":"The details of the book whose id is 500 were retrieved and sent to the controller","level":"info"}
{"message":"The editorial of the book whose id is 500 was retrieved and sent to the controller","level":"info"}
{"message":"The authors of the book whose id is 500 were retrieved and sent to the controller","level":"info"}
{"message":"The list of books was retrieved and sent to the controller","level":"info"}
{"message":"The editorial of the book whose id is 500 was retrieved and sent to the controller","level":"info"}
{"message":"The details of the book whose id is 300 were retrieved and sent to the controller","level":"info"}
{"message":"The authors of the book whose id is 300 were retrieved and sent to the controller","level":"info"}
{"message":"The list of books was retrieved and sent to the controller","level":"info"}
{"message":"The editorial of the book whose id is 300 was retrieved and sent to the controller","level":"info"}
{"message":"The details of the editorial whose id is 100 were retrieved and sent to the controller","level":"info"}
{"message":"The books of the editorial whose id is 100 were retrieved and sent to the controller","level":"info"}
{"message":"The list of authors was retrieved and sent to the controller","level":"info"}
{"message":"The details of the author whose id is 100 were retrieved and sent to the controller","level":"info"}
{"message":"The books of the author whose id is 100 were retrieved and sent to the controller","level":"info"}
{"message":"The list of books was retrieved and sent to the controller","level":"info"}
{"message":"The list of authors was retrieved and sent to the controller","level":"info"}
{"message":"The list of editorials was retrieved and sent to the controller","level":"info"}
{"message":"The list of books was retrieved and sent to the controller","level":"info"}
{"message":"The list of authors was retrieved and sent to the controller","level":"info"}
{"message":"The list of editorials was retrieved and sent to the controller","level":"info"}
{"message":"The list of authors was retrieved and sent to the controller","level":"info"}
{"message":"The list of books was retrieved and sent to the controller","level":"info"}
{"message":"The list of books was retrieved and sent to the controller","level":"info"}
{"message":"The details of the book whose id is 100 were retrieved and sent to the controller","level":"info"}
{"message":"The list of books was retrieved and sent to the controller","level":"info"}
{"message":"The details of the book whose id is 100 were retrieved and sent to the controller","level":"info"}
{"message":"The authors of the book whose id is 100 were retrieved and sent to the controller","level":"info"}
{"message":"The authors of the book whose id is 100 were retrieved and sent to the controller","level":"info"}
{"message":"The editorial of the book whose id is 100 was retrieved and sent to the controller","level":"info"}
{"message":"The editorial of the book whose id is 100 was retrieved and sent to the controller","level":"info"}
{"message":"The list of books was retrieved and sent to the controller","level":"info"}
{"message":"The details of the book whose id is 600 were retrieved and sent to the controller","level":"info"}
{"message":"The authors of the book whose id is 600 were retrieved and sent to the controller","level":"info"}
{"message":"The editorial of the book whose id is 600 was retrieved and sent to the controller","level":"info"}
{"message":"The details of the book whose id is 300 were retrieved and sent to the controller","level":"info"}
{"message":"The list of books was retrieved and sent to the controller","level":"info"}
{"message":"The authors of the book whose id is 300 were retrieved and sent to the controller","level":"info"}
{"message":"The editorial of the book whose id is 300 was retrieved and sent to the controller","level":"info"}
{"message":"The details of the book whose id is 200 were retrieved and sent to the controller","level":"info"}
{"message":"The list of books was retrieved and sent to the controller","level":"info"}
{"message":"The authors of the book whose id is 200 were retrieved and sent to the controller","level":"info"}
{"message":"The editorial of the book whose id is 200 was retrieved and sent to the controller","level":"info"}
{"message":"The list of books was retrieved and sent to the controller","level":"info"}
{"message":"The list of authors was retrieved and sent to the controller","level":"info"}
{"message":"The list of editorials was retrieved and sent to the controller","level":"info"}
{"message":"The details of the editorial whose id is 100 were retrieved and sent to the controller","level":"info"}
{"message":"The books of the editorial whose id is 100 were retrieved and sent to the controller","level":"info"}
{"message":"The details of the editorial whose id is 100 were retrieved and sent to the controller","level":"info"}
{"message":"The books of the editorial whose id is 100 were retrieved and sent to the controller","level":"info"}
{"message":"The list of authors was retrieved and sent to the controller","level":"info"}
{"message":"The list of books was retrieved and sent to the controller","level":"info"}
{"message":"The list of editorials was retrieved and sent to the controller","level":"info"}
{"message":"The list of books was retrieved and sent to the controller","level":"info"}
{"message":"The list of authors was retrieved and sent to the controller","level":"info"}
{"message":"The list of editorials was retrieved and sent to the controller","level":"info"}
{"message":"The list of editorials was retrieved and sent to the controller","level":"info"}
{"message":"The list of books was retrieved and sent to the controller","level":"info"}
{"message":"The list of books was retrieved and sent to the controller","level":"info"}
{"message":"The list of authors was retrieved and sent to the controller","level":"info"}
{"message":"The details of the author whose id is 100 were retrieved and sent to the controller","level":"info"}
{"message":"The books of the author whose id is 100 were retrieved and sent to the controller","level":"info"}
{"message":"The list of books was retrieved and sent to the controller","level":"info"}
{"message":"The details of the book whose id is 200 were retrieved and sent to the controller","level":"info"}
{"message":"The list of books was retrieved and sent to the controller","level":"info"}
{"message":"The authors of the book whose id is 200 were retrieved and sent to the controller","level":"info"}
{"message":"The details of the book whose id is 200 were retrieved and sent to the controller","level":"info"}
{"message":"The editorial of the book whose id is 200 was retrieved and sent to the controller","level":"info"}
{"message":"The authors of the book whose id is 200 were retrieved and sent to the controller","level":"info"}
{"message":"The editorial of the book whose id is 200 was retrieved and sent to the controller","level":"info"}
{"message":"The list of editorials was retrieved and sent to the controller","level":"info"}
{"message":"The details of the editorial whose id is 100 were retrieved and sent to the controller","level":"info"}
{"message":"The books of the editorial whose id is 100 were retrieved and sent to the controller","level":"info"}
{"message":"The list of books was retrieved and sent to the controller","level":"info"}
{"message":"The details of the book whose id is allBooks were retrieved and sent to the controller","level":"info"}
{"message":"The authors of the book whose id is allBooks were retrieved and sent to the controller","level":"info"}
{"message":"The list of authors was retrieved and sent to the controller","level":"info"}
{"message":"The list of books was retrieved and sent to the controller","level":"info"}
{"message":"The list of books was retrieved and sent to the controller","level":"info"}
{"message":"The details of the book whose id is 100 were retrieved and sent to the controller","level":"info"}
{"message":"The details of the book whose id is 100 were retrieved and sent to the controller","level":"info"}
{"message":"The authors of the book whose id is 100 were retrieved and sent to the controller","level":"info"}
{"message":"The authors of the book whose id is 100 were retrieved and sent to the controller","level":"info"}
{"message":"The editorial of the book whose id is 100 was retrieved and sent to the controller","level":"info"}
{"message":"The list of books was retrieved and sent to the controller","level":"info"}
{"message":"The editorial of the book whose id is 100 was retrieved and sent to the controller","level":"info"}
{"message":"The details of the book whose id is 300 were retrieved and sent to the controller","level":"info"}
{"message":"The authors of the book whose id is 300 were retrieved and sent to the controller","level":"info"}
{"message":"The editorial of the book whose id is 300 was retrieved and sent to the controller","level":"info"}
{"message":"The list of books was retrieved and sent to the controller","level":"info"}
{"message":"The details of the editorial whose id is 100 were retrieved and sent to the controller","level":"info"}
{"message":"The books of the editorial whose id is 100 were retrieved and sent to the controller","level":"info"}
{"message":"The list of editorials was retrieved and sent to the controller","level":"info"}
{"message":"The details of the editorial whose id is 100 were retrieved and sent to the controller","level":"info"}
{"message":"The books of the editorial whose id is 100 were retrieved and sent to the controller","level":"info"}
{"message":"The list of editorials was retrieved and sent to the controller","level":"info"}
{"message":"The list of authors was retrieved and sent to the controller","level":"info"}
{"message":"The details of the author whose id is 300 were retrieved and sent to the controller","level":"info"}
{"message":"The books of the author whose id is 300 were retrieved and sent to the controller","level":"info"}
{"message":"The list of authors was retrieved and sent to the controller","level":"info"}
{"message":"The books of the author whose id is 100 were retrieved and sent to the controller","level":"info"}
{"message":"The details of the author whose id is 100 were retrieved and sent to the controller","level":"info"}
{"message":"The list of editorials was retrieved and sent to the controller","level":"info"}
{"message":"The details of the editorial whose id is 200 were retrieved and sent to the controller","level":"info"}
{"message":"The books of the editorial whose id is 200 were retrieved and sent to the controller","level":"info"}
{"message":"The list of books was retrieved and sent to the controller","level":"info"}
{"message":"The details of the book whose id is 200 were retrieved and sent to the controller","level":"info"}
{"message":"The list of books was retrieved and sent to the controller","level":"info"}
{"message":"The authors of the book whose id is 200 were retrieved and sent to the controller","level":"info"}
{"message":"The details of the book whose id is 200 were retrieved and sent to the controller","level":"info"}
{"message":"The list of books was retrieved and sent to the controller","level":"info"}
{"message":"The editorial of the book whose id is 200 was retrieved and sent to the controller","level":"info"}
{"message":"The authors of the book whose id is 200 were retrieved and sent to the controller","level":"info"}
{"message":"The editorial of the book whose id is 200 was retrieved and sent to the controller","level":"info"}
