
{"message":"The list of authors could not be retrieved","level":"error"}
{"message":"The list of authors could not be retrieved","level":"error"}
{"message":"The list of authors could not be retrieved","level":"error"}
{"message":"The list of authors could not be retrieved","level":"error"}
{"message":"The list of authors could not be retrieved","level":"error"}
{"message":"The list of authors could not be retrieved","level":"error"}
{"message":"The list of authors could not be retrieved","level":"error"}
{"message":"The list of authors could not be retrieved","level":"error"}
{"message":"The list of authors could not be retrieved","level":"error"}
{"message":"The list of authors could not be retrieved","level":"error"}
{"message":"The list of authors could not be retrieved","level":"error"}
{"message":"The list of authors could not be retrieved","level":"error"}
{"message":"The list of authors could not be retrieved","level":"error"}
{"message":"The list of authors could not be retrieved","level":"error"}
{"message":"The list of authors could not be retrieved","level":"error"}
{"message":"The list of authors could not be retrieved","level":"error"}
{"message":"The list of authors could not be retrieved","level":"error"}
{"message":"The list of authors could not be retrieved","level":"error"}
{"message":"The list of authors could not be retrieved","level":"error"}
{"message":"The list of authors could not be retrieved","level":"error"}
{"message":"The list of authors could not be retrieved","level":"error"}
{"message":"The list of authors could not be retrieved","level":"error"}
{"message":"The list of authors could not be retrieved","level":"error"}
{"message":"The list of authors could not be retrieved","level":"error"}
{"message":"The list of authors could not be retrieved","level":"error"}
{"message":"The list of authors could not be retrieved","level":"error"}
{"message":"The list of authors could not be retrieved","level":"error"}
{"message":"The list of authors could not be retrieved","level":"error"}
{"message":"The list of authors could not be retrieved","level":"error"}
{"message":"The list of authors could not be retrieved","level":"error"}
{"message":"The list of authors could not be retrieved","level":"error"}
{"message":"The list of authors could not be retrieved","level":"error"}
{"message":"The list of authors could not be retrieved","level":"error"}
{"message":"The list of authors could not be retrieved","level":"error"}
{"message":"The list of authors could not be retrieved","level":"error"}
{"message":"The list of authors could not be retrieved","level":"error"}
{"message":"The list of authors could not be retrieved","level":"error"}
{"message":"The list of authors could not be retrieved","level":"error"}
{"message":"The list of authors could not be retrieved","level":"error"}
{"message":"The list of authors could not be retrieved","level":"error"}
{"message":"The list of authors could not be retrieved","level":"error"}
{"message":"The list of authors could not be retrieved","level":"error"}
{"message":"The list of authors could not be retrieved","level":"error"}
{"message":"The list of editorials could not be retrieved","level":"error"}
{"message":"The list of authors could not be retrieved","level":"error"}
{"message":"The list of authors could not be retrieved","level":"error"}
{"message":"The details of the editorial whose id is 100 could not be retrieved","level":"error"}
{"message":"The details of the book whose id is 100 could not be retrieved","level":"error"}
{"message":"The details of the book whose id is 100 could not be retrieved","level":"error"}
{"message":"The details of the book whose id is 100 could not be retrieved","level":"error"}
{"message":"The details of the book whose id is 100 could not be retrieved","level":"error"}
{"message":"The details of the author whose id is 100 could not be retrieved","level":"error"}
{"message":"The details of the author whose id is 100 could not be retrieved","level":"error"}
